<?xml version="1.0" encoding="UTF-8"?>
<!-- Generated by org.testng.reporters.JUnitReportReporter -->
<testsuite hostname="Amrithas-MacBook-Air.local" failures="0" tests="2" name="com.automationpractise.Testcases.HomePageTest" time="0.165" errors="0" timestamp="2022-03-16T17:09:32 IST" skipped="0">
  <testcase classname="com.automationpractise.Testcases.HomePageTest" name="titleTest" time="0.006"/>
  <system-out/>
  <testcase classname="com.automationpractise.Testcases.HomePageTest" name="bannerTest" time="0.159"/>
  <system-out/>
</testsuite> <!-- com.automationpractise.Testcases.HomePageTest -->
